
=== launching vanilla ===
[vanilla] loading model...
[vanilla/cold] total=29.65s  tps=4.32  artifacts+=56
[vanilla/warm] total=14.93s  tps=8.57  artifacts+=18
[vanilla/warm-diff-mnt] total=27.80s  tps=9.21  artifacts+=21
[vanilla/warm-diff-in] total=41.78s  tps=3.06  artifacts+=30

=== launching vanilla_patched ===
[vanilla_patched] loading model...
[vanilla_patched/cold] total=29.14s  tps=4.39  artifacts+=54
[vanilla_patched/warm] total=1.15s  tps=111.16  artifacts+=0
[vanilla_patched/warm-diff-mnt] total=27.51s  tps=9.31  artifacts+=19
[vanilla_patched/warm-diff-in] total=27.09s  tps=4.73  artifacts+=19

=== launching diy ===
[diy] loading model...
[diy/cold] total=29.09s  tps=4.40  artifacts+=54
[diy/warm] total=1.35s  tps=94.66  artifacts+=0
[diy/warm-diff-mnt] total=2.66s  tps=96.31  artifacts+=0
[diy/warm-diff-in] total=14.64s  tps=8.74  artifacts+=0

=== launching static_tensors ===
[static_tensors] loading model...
[static_tensors/cold] total=26.68s  tps=4.80  artifacts+=54
[static_tensors/warm] total=1.22s  tps=105.04  artifacts+=0
[static_tensors/warm-diff-mnt] total=2.39s  tps=107.20  artifacts+=0
[static_tensors/warm-diff-in] total=13.41s  tps=9.55  artifacts+=0

mode             |          cold          |          warm          |     warm-diff-mnt      |      warm-diff-in     
--------------------------------------------------------------------------------------------------------------------
vanilla          |   29.6s/4.3tps/+56a    |  🔴 14.9s/8.6tps/+18a   |  🔴 27.8s/9.2tps/+21a   |  🔴 41.8s/3.1tps/+30a  
vanilla_patched  |   29.1s/4.4tps/+54a    |  🟢 1.1s/111.2tps/+0a   |  🔴 27.5s/9.3tps/+19a   |  🔴 27.1s/4.7tps/+19a  
diy              |   29.1s/4.4tps/+54a    |   🟢 1.4s/94.7tps/+0a   |   🟢 2.7s/96.3tps/+0a   |   🟢 14.6s/8.7tps/+0a  
static_tensors   |   26.7s/4.8tps/+54a    |  🟢 1.2s/105.0tps/+0a   |  🟢 2.4s/107.2tps/+0a   |   🟢 13.4s/9.6tps/+0a  

[wrote logs/scenarios.tsv]
